<?xml version="1.0" encoding="UTF-8"?>
<testsuite xmlns:xsi="http://www.w3.org/2001/XMLSchema-instance" xsi:noNamespaceSchemaLocation="https://maven.apache.org/surefire/maven-surefire-plugin/xsd/surefire-test-report.xsd" name="AngularProject.AddClientTest" time="0.906" tests="3" errors="1" skipped="0" failures="0">
  <properties>
[...]
</properties>
  <testcase name="Adding a new Admin" classname="Adding a Admin" time="0.029"/>
  <testcase name="Admin logs in, creates a client, logs out, and client logs in" classname="Admin and Client user login, create client, and navigate" time="0.026"/>
  <testcase name="Admin updates client information and client logs in with updated credentials" classname="Update Client Information" time="0.014">
    <error message="The step &apos;the [update]success message should be displayed&apos; is undefined.&#10;You can implement this step using the snippet(s) below:&#10;&#10;@Then(&quot;the [update]success message should be displayed&quot;)&#10;public void the_update_success_message_should_be_displayed() {&#10;    // Write code here that turns the phrase above into concrete actions&#10;    throw new io.cucumber.java.PendingException();&#10;}&#10;" type="io.cucumber.junit.UndefinedStepException">io.cucumber.junit.UndefinedStepException: 
The step 'the [update]success message should be displayed' is undefined.
You can implement this step using the snippet(s) below:

@Then("the [update]success message should be displayed")
public void the_update_success_message_should_be_displayed() {
    // Write code here that turns the phrase above into concrete actions
    throw new io.cucumber.java.PendingException();
}

</error>
    <system-out><![CDATA[
Scenario: Admin updates client information and client logs in with updated credentials &amp#27;[90m# src/test/java/resources/features/updateClient.feature:3&amp#27;[0m
  &amp#27;[32mGiven &amp#27;[0m&amp#27;[32mthe [update]admin is on the login page&amp#27;[0m                                         &amp#27;[90m# stepdefinitions.UpdateClientSteps.updateAdminIsOnLoginPage()&amp#27;[0m
  &amp#27;[32mWhen &amp#27;[0m&amp#27;[32mthe [update]admin logs in with valid credentials&amp#27;[0m                                &amp#27;[90m# stepdefinitions.UpdateClientSteps.updateAdminLogsIn()&amp#27;[0m
  &amp#27;[32mAnd &amp#27;[0m&amp#27;[32mthe [update]admin navigates to the view clients page&amp#27;[0m                             &amp#27;[90m# stepdefinitions.UpdateClientSteps.updateAdminNavigatesToViewClientsPage()&amp#27;[0m
  &amp#27;[32mAnd &amp#27;[0m&amp#27;[32mthe [update]admin goes to the update client page&amp#27;[0m                                 &amp#27;[90m# stepdefinitions.UpdateClientSteps.updateAdminGoesToUpdateClientPage()&amp#27;[0m
  &amp#27;[32mAnd &amp#27;[0m&amp#27;[32mthe [update]admin updates client information with valid data&amp#27;[0m                     &amp#27;[90m# stepdefinitions.UpdateClientSteps.updateAdminUpdatesClientInformation()&amp#27;[0m
  &amp#27;[32mAnd &amp#27;[0m&amp#27;[32mthe [update]admin clicks on the "Update Client" button&amp#27;[0m                           &amp#27;[90m# stepdefinitions.UpdateClientSteps.updateAdminClicksUpdateClientButton()&amp#27;[0m
  &amp#27;[33mThen &amp#27;[0m&amp#27;[33mthe [update]success message should be displayed&amp#27;[0m                                 &amp#27;[90m# null&amp#27;[0m
  &amp#27;[36mAnd &amp#27;[0m&amp#27;[36mthe [update]admin logs out&amp#27;[0m                                                       &amp#27;[90m# stepdefinitions.UpdateClientSteps.updateAdminLogsOut()&amp#27;[0m
  &amp#27;[36mAnd &amp#27;[0m&amp#27;[36mthe [update]client is on the login page&amp#27;[0m                                          &amp#27;[90m# stepdefinitions.UpdateClientSteps.updateClientIsOnLoginPage()&amp#27;[0m
  &amp#27;[36mWhen &amp#27;[0m&amp#27;[36mthe [update]client logs in with updated valid credentials&amp#27;[0m                       &amp#27;[90m# stepdefinitions.UpdateClientSteps.updateClientLogsInWithUpdatedCredentials()&amp#27;[0m
  &amp#27;[36mAnd &amp#27;[0m&amp#27;[36mthe [update]client navigates to the client dashboard&amp#27;[0m                             &amp#27;[90m# stepdefinitions.UpdateClientSteps.updateClientNavigatesToDashboard()&amp#27;[0m
  &amp#27;[36mThen &amp#27;[0m&amp#27;[36mthe [update]updated client dashboard title should be displayed&amp#27;[0m                  &amp#27;[90m# stepdefinitions.UpdateClientSteps.updatedClientDashboardTitleShouldBeDisplayed()&amp#27;[0m
]]></system-out>
  </testcase>
</testsuite>